<?xml version="1.0" encoding="UTF-8"?>
<!-- Generated by org.testng.reporters.JUnitReportReporter -->
<testsuite skipped="0" hostname="impc1926" name="com.wordpress.Testcases.testSeleniumChrome" tests="1" failures="0" timestamp="24 Nov 2016 11:53:53 GMT" time="21.745" errors="0">
  <testcase name="LoadChromeBrowser" time="21.745" classname="com.wordpress.Testcases.testSeleniumChrome"/>
</testsuite> <!-- com.wordpress.Testcases.testSeleniumChrome -->
