<?xml version="1.0" encoding="UTF-8"?>
<!-- Generated by org.testng.reporters.JUnitReportReporter -->
<testsuite skipped="0" hostname="impc1926" name="com.wordpress.Testcases.VerifyWordpressLogin" tests="1" failures="0" timestamp="22 Nov 2016 07:32:44 GMT" time="15.991" errors="0">
  <testcase name="VerifyValidLogin" time="15.991" classname="com.wordpress.Testcases.VerifyWordpressLogin"/>
</testsuite> <!-- com.wordpress.Testcases.VerifyWordpressLogin -->
