<?xml version="1.0" encoding="UTF-8"?>
<!-- Generated by org.testng.reporters.JUnitReportReporter -->
<testsuite skipped="0" hostname="impc1926" name="com.testcases.VerifyLoginpage" tests="1" failures="0" timestamp="22 Nov 2016 06:29:33 GMT" time="45.828" errors="1">
  <testcase name="VerifyLogin" time="45.828" classname="com.testcases.VerifyLoginpage">
    <error type="org.openqa.selenium.WebDriverException" message="Failed to connect to binary FirefoxBinary(/usr/bin/firefox) on port 7055; process output follows: 
0,&quot;applyBackgroundUpdates&quot;:1,&quot;bootstrap&quot;:false,&quot;size&quot;:8234871,&quot;sourceURI&quot;:null,&quot;releaseNotesURI&quot;:null,&quot;softDisabled&quot;:false,&quot;foreignInstall&quot;:true,&quot;hasBinaryComponents&quot;:true,&quot;strictCompatibility&quot;:false,&quot;locales&quot;:[],&quot;targetApplications&quot;:[{&quot;id&quot;:&quot;{ec8030f7-c20a-464f-9b0e-13a3a9e97384}&quot;,&quot;minVersion&quot;:&quot;3.0&quot;,&quot;maxVersion&quot;:&quot;66.*&quot;}],&quot;targetPlatforms&quot;:[{&quot;os&quot;:&quot;Darwin&quot;,&quot;abi&quot;:null},{&quot;os&quot;:&quot;SunOS&quot;,&quot;abi&quot;:null},{&quot;os&quot;:&quot;FreeBSD&quot;,&quot;abi&quot;:null},{&quot;os&quot;:&quot;OpenBSD&quot;,&quot;abi&quot;:null},{&quot;os&quot;:&quot;WINNT&quot;,&quot;abi&quot;:&quot;x86-msvc&quot;},{&quot;os&quot;:&quot;Linux&quot;,&quot;abi&quot;:null}],&quot;multiprocessCompatible&quot;:false,&quot;signedState&quot;:0}
1479796130458	addons.xpi	DEBUG	getModTime: Recursive scan of fxdriver@googlecode.com
1479796130462	DeferredSave.extensions.json	DEBUG	Save changes
1479796130465	DeferredSave.extensions.json	DEBUG	Save changes
1479796130465	addons.xpi	DEBUG	Updating XPIState for {&quot;id&quot;:&quot;fxdriver@googlecode.com&quot;,&quot;syncGUID&quot;:&quot;vKVMh36C-TM_&quot;,&quot;location&quot;:&quot;app-profile&quot;,&quot;version&quot;:&quot;2.47.1&quot;,&quot;type&quot;:&quot;extension&quot;,&quot;internalName&quot;:null,&quot;updateURL&quot;:null,&quot;updateKey&quot;:null,&quot;optionsURL&quot;:null,&quot;optionsType&quot;:null,&quot;aboutURL&quot;:null,&quot;iconURL&quot;:null,&quot;icon64URL&quot;:null,&quot;defaultLocale&quot;:{&quot;name&quot;:&quot;Firefox WebDriver&quot;,&quot;description&quot;:&quot;WebDriver implementation for Firefox&quot;,&quot;creator&quot;:&quot;Simon Stewart&quot;,&quot;homepageURL&quot;:null},&quot;visible&quot;:true,&quot;active&quot;:false,&quot;userDisabled&quot;:false,&quot;appDisabled&quot;:true,&quot;descriptor&quot;:&quot;/tmp/anonymous6912677011060705517webdriver-profile/extensions/fxdriver@googlecode.com&quot;,&quot;installDate&quot;:1479796128000,&quot;updateDate&quot;:1479796128000,&quot;applyBackgroundUpdates&quot;:1,&quot;bootstrap&quot;:false,&quot;size&quot;:8234871,&quot;sourceURI&quot;:null,&quot;releaseNotesURI&quot;:null,&quot;softDisabled&quot;:false,&quot;foreignInstall&quot;:true,&quot;hasBinaryComponents&quot;:true,&quot;strictCompatibility&quot;:false,&quot;locales&quot;:[],&quot;targetApplications&quot;:[{&quot;id&quot;:&quot;{ec8030f7-c20a-464f-9b0e-13a3a9e97384}&quot;,&quot;minVersion&quot;:&quot;3.0&quot;,&quot;maxVersion&quot;:&quot;66.*&quot;}],&quot;targetPlatforms&quot;:[{&quot;os&quot;:&quot;Darwin&quot;,&quot;abi&quot;:null},{&quot;os&quot;:&quot;SunOS&quot;,&quot;abi&quot;:null},{&quot;os&quot;:&quot;FreeBSD&quot;,&quot;abi&quot;:null},{&quot;os&quot;:&quot;OpenBSD&quot;,&quot;abi&quot;:null},{&quot;os&quot;:&quot;WINNT&quot;,&quot;abi&quot;:&quot;x86-msvc&quot;},{&quot;os&quot;:&quot;Linux&quot;,&quot;abi&quot;:null}],&quot;multiprocessCompatible&quot;:false,&quot;signedState&quot;:0}
1479796130466	DeferredSave.extensions.json	DEBUG	Save changes
1479796131096	addons.manager	DEBUG	Starting provider: &lt;unnamed-provider&gt;
1479796131096	addons.manager	DEBUG	Registering shutdown blocker for &lt;unnamed-provider&gt;
1479796131096	addons.manager	DEBUG	Provider finished startup: &lt;unnamed-provider&gt;
1479796131845	DeferredSave.extensions.json	DEBUG	Write succeeded
1479796131845	addons.xpi-utils	DEBUG	XPI Database saved, setting schema version preference to 17
1479796131845	DeferredSave.extensions.json	DEBUG	Starting timer
1479796131852	addons.repository	DEBUG	No addons.json found.
1479796131852	DeferredSave.addons.json	DEBUG	Save changes
1479796131854	DeferredSave.addons.json	DEBUG	Starting timer
1479796131865	addons.manager	DEBUG	Starting provider: PreviousExperimentProvider
1479796131865	addons.manager	DEBUG	Registering shutdown blocker for PreviousExperimentProvider
1479796131866	addons.manager	DEBUG	Provider finished startup: PreviousExperimentProvider
1479796131876	DeferredSave.extensions.json	DEBUG	Starting write
1479796131908	DeferredSave.addons.json	DEBUG	Starting write
1479796131909	DeferredSave.extensions.json	DEBUG	Write succeeded
1479796131917	DeferredSave.addons.json	DEBUG	Write succeeded
1479796140326	addons.manager	DEBUG	shutdown
1479796140326	addons.manager	DEBUG	Calling shutdown blocker for XPIProvider
1479796140327	addons.xpi	DEBUG	shutdown
1479796140327	addons.xpi-utils	DEBUG	Updating add-on states
1479796140327	addons.xpi-utils	DEBUG	Writing add-ons list
1479796140328	addons.xpi-utils	DEBUG	shutdown
1479796140328	addons.manager	DEBUG	Calling shutdown blocker for LightweightThemeManager
1479796140329	addons.manager	DEBUG	Calling shutdown blocker for GMPProvider
1479796140330	addons.manager	DEBUG	Calling shutdown blocker for PluginProvider
1479796140330	addons.manager	DEBUG	Calling shutdown blocker for &lt;unnamed-provider&gt;
1479796140331	addons.manager	DEBUG	Calling shutdown blocker for PreviousExperimentProvider
1479796140335	addons.xpi	DEBUG	Notifying XPI shutdown observers
1479796140339	addons.manager	DEBUG	Async provider shutdown done

Build info: version: &#039;2.47.1&#039;, revision: &#039;unknown&#039;, time: &#039;2015-07-30 11:02:44&#039;
System info: host: &#039;impc1926&#039;, ip: &#039;127.0.1.1&#039;, os.name: &#039;Linux&#039;, os.arch: &#039;amd64&#039;, os.version: &#039;3.13.0-86-generic&#039;, java.version: &#039;1.8.0_66&#039;
Driver info: driver.version: FirefoxDriver">
      <![CDATA[org.openqa.selenium.WebDriverException: Failed to connect to binary FirefoxBinary(/usr/bin/firefox) on port 7055; process output follows: 
0,"applyBackgroundUpdates":1,"bootstrap":false,"size":8234871,"sourceURI":null,"releaseNotesURI":null,"softDisabled":false,"foreignInstall":true,"hasBinaryComponents":true,"strictCompatibility":false,"locales":[],"targetApplications":[{"id":"{ec8030f7-c20a-464f-9b0e-13a3a9e97384}","minVersion":"3.0","maxVersion":"66.*"}],"targetPlatforms":[{"os":"Darwin","abi":null},{"os":"SunOS","abi":null},{"os":"FreeBSD","abi":null},{"os":"OpenBSD","abi":null},{"os":"WINNT","abi":"x86-msvc"},{"os":"Linux","abi":null}],"multiprocessCompatible":false,"signedState":0}
1479796130458	addons.xpi	DEBUG	getModTime: Recursive scan of fxdriver@googlecode.com
1479796130462	DeferredSave.extensions.json	DEBUG	Save changes
1479796130465	DeferredSave.extensions.json	DEBUG	Save changes
1479796130465	addons.xpi	DEBUG	Updating XPIState for {"id":"fxdriver@googlecode.com","syncGUID":"vKVMh36C-TM_","location":"app-profile","version":"2.47.1","type":"extension","internalName":null,"updateURL":null,"updateKey":null,"optionsURL":null,"optionsType":null,"aboutURL":null,"iconURL":null,"icon64URL":null,"defaultLocale":{"name":"Firefox WebDriver","description":"WebDriver implementation for Firefox","creator":"Simon Stewart","homepageURL":null},"visible":true,"active":false,"userDisabled":false,"appDisabled":true,"descriptor":"/tmp/anonymous6912677011060705517webdriver-profile/extensions/fxdriver@googlecode.com","installDate":1479796128000,"updateDate":1479796128000,"applyBackgroundUpdates":1,"bootstrap":false,"size":8234871,"sourceURI":null,"releaseNotesURI":null,"softDisabled":false,"foreignInstall":true,"hasBinaryComponents":true,"strictCompatibility":false,"locales":[],"targetApplications":[{"id":"{ec8030f7-c20a-464f-9b0e-13a3a9e97384}","minVersion":"3.0","maxVersion":"66.*"}],"targetPlatforms":[{"os":"Darwin","abi":null},{"os":"SunOS","abi":null},{"os":"FreeBSD","abi":null},{"os":"OpenBSD","abi":null},{"os":"WINNT","abi":"x86-msvc"},{"os":"Linux","abi":null}],"multiprocessCompatible":false,"signedState":0}
1479796130466	DeferredSave.extensions.json	DEBUG	Save changes
1479796131096	addons.manager	DEBUG	Starting provider: <unnamed-provider>
1479796131096	addons.manager	DEBUG	Registering shutdown blocker for <unnamed-provider>
1479796131096	addons.manager	DEBUG	Provider finished startup: <unnamed-provider>
1479796131845	DeferredSave.extensions.json	DEBUG	Write succeeded
1479796131845	addons.xpi-utils	DEBUG	XPI Database saved, setting schema version preference to 17
1479796131845	DeferredSave.extensions.json	DEBUG	Starting timer
1479796131852	addons.repository	DEBUG	No addons.json found.
1479796131852	DeferredSave.addons.json	DEBUG	Save changes
1479796131854	DeferredSave.addons.json	DEBUG	Starting timer
1479796131865	addons.manager	DEBUG	Starting provider: PreviousExperimentProvider
1479796131865	addons.manager	DEBUG	Registering shutdown blocker for PreviousExperimentProvider
1479796131866	addons.manager	DEBUG	Provider finished startup: PreviousExperimentProvider
1479796131876	DeferredSave.extensions.json	DEBUG	Starting write
1479796131908	DeferredSave.addons.json	DEBUG	Starting write
1479796131909	DeferredSave.extensions.json	DEBUG	Write succeeded
1479796131917	DeferredSave.addons.json	DEBUG	Write succeeded
1479796140326	addons.manager	DEBUG	shutdown
1479796140326	addons.manager	DEBUG	Calling shutdown blocker for XPIProvider
1479796140327	addons.xpi	DEBUG	shutdown
1479796140327	addons.xpi-utils	DEBUG	Updating add-on states
1479796140327	addons.xpi-utils	DEBUG	Writing add-ons list
1479796140328	addons.xpi-utils	DEBUG	shutdown
1479796140328	addons.manager	DEBUG	Calling shutdown blocker for LightweightThemeManager
1479796140329	addons.manager	DEBUG	Calling shutdown blocker for GMPProvider
1479796140330	addons.manager	DEBUG	Calling shutdown blocker for PluginProvider
1479796140330	addons.manager	DEBUG	Calling shutdown blocker for <unnamed-provider>
1479796140331	addons.manager	DEBUG	Calling shutdown blocker for PreviousExperimentProvider
1479796140335	addons.xpi	DEBUG	Notifying XPI shutdown observers
1479796140339	addons.manager	DEBUG	Async provider shutdown done

Build info: version: '2.47.1', revision: 'unknown', time: '2015-07-30 11:02:44'
System info: host: 'impc1926', ip: '127.0.1.1', os.name: 'Linux', os.arch: 'amd64', os.version: '3.13.0-86-generic', java.version: '1.8.0_66'
Driver info: driver.version: FirefoxDriver
	at org.openqa.selenium.firefox.internal.NewProfileExtensionConnection.start(NewProfileExtensionConnection.java:134)
	at org.openqa.selenium.firefox.FirefoxDriver.startClient(FirefoxDriver.java:276)
	at org.openqa.selenium.remote.RemoteWebDriver.<init>(RemoteWebDriver.java:116)
	at org.openqa.selenium.firefox.FirefoxDriver.<init>(FirefoxDriver.java:221)
	at org.openqa.selenium.firefox.FirefoxDriver.<init>(FirefoxDriver.java:216)
	at org.openqa.selenium.firefox.FirefoxDriver.<init>(FirefoxDriver.java:212)
	at org.openqa.selenium.firefox.FirefoxDriver.<init>(FirefoxDriver.java:125)
	at com.testcases.VerifyLoginpage.VerifyLogin(VerifyLoginpage.java:19)
	at sun.reflect.NativeMethodAccessorImpl.invoke0(Native Method)
	at sun.reflect.NativeMethodAccessorImpl.invoke(NativeMethodAccessorImpl.java:62)
	at sun.reflect.DelegatingMethodAccessorImpl.invoke(DelegatingMethodAccessorImpl.java:43)
	at java.lang.reflect.Method.invoke(Method.java:497)
	at org.testng.internal.MethodInvocationHelper.invokeMethod(MethodInvocationHelper.java:100)
	at org.testng.internal.Invoker.invokeMethod(Invoker.java:646)
	at org.testng.internal.Invoker.invokeTestMethod(Invoker.java:811)
	at org.testng.internal.Invoker.invokeTestMethods(Invoker.java:1137)
	at org.testng.internal.TestMethodWorker.invokeTestMethods(TestMethodWorker.java:129)
	at org.testng.internal.TestMethodWorker.run(TestMethodWorker.java:112)
	at org.testng.TestRunner.privateRun(TestRunner.java:753)
	at org.testng.TestRunner.run(TestRunner.java:607)
	at org.testng.SuiteRunner.runTest(SuiteRunner.java:368)
	at org.testng.SuiteRunner.runSequentially(SuiteRunner.java:363)
	at org.testng.SuiteRunner.privateRun(SuiteRunner.java:321)
	at org.testng.SuiteRunner.run(SuiteRunner.java:270)
	at org.testng.SuiteRunnerWorker.runSuite(SuiteRunnerWorker.java:52)
	at org.testng.SuiteRunnerWorker.run(SuiteRunnerWorker.java:86)
	at org.testng.TestNG.runSuitesSequentially(TestNG.java:1284)
	at org.testng.TestNG.runSuitesLocally(TestNG.java:1209)
	at org.testng.TestNG.runSuites(TestNG.java:1124)
	at org.testng.TestNG.run(TestNG.java:1096)
	at org.testng.remote.AbstractRemoteTestNG.run(AbstractRemoteTestNG.java:132)
	at org.testng.remote.RemoteTestNG.initAndRun(RemoteTestNG.java:236)
	at org.testng.remote.RemoteTestNG.main(RemoteTestNG.java:81)
Caused by: org.openqa.selenium.firefox.NotConnectedException: Unable to connect to host 127.0.0.1 on port 7055 after 45000 ms. Firefox console output:
0,"applyBackgroundUpdates":1,"bootstrap":false,"size":8234871,"sourceURI":null,"releaseNotesURI":null,"softDisabled":false,"foreignInstall":true,"hasBinaryComponents":true,"strictCompatibility":false,"locales":[],"targetApplications":[{"id":"{ec8030f7-c20a-464f-9b0e-13a3a9e97384}","minVersion":"3.0","maxVersion":"66.*"}],"targetPlatforms":[{"os":"Darwin","abi":null},{"os":"SunOS","abi":null},{"os":"FreeBSD","abi":null},{"os":"OpenBSD","abi":null},{"os":"WINNT","abi":"x86-msvc"},{"os":"Linux","abi":null}],"multiprocessCompatible":false,"signedState":0}
1479796130458	addons.xpi	DEBUG	getModTime: Recursive scan of fxdriver@googlecode.com
1479796130462	DeferredSave.extensions.json	DEBUG	Save changes
1479796130465	DeferredSave.extensions.json	DEBUG	Save changes
1479796130465	addons.xpi	DEBUG	Updating XPIState for {"id":"fxdriver@googlecode.com","syncGUID":"vKVMh36C-TM_","location":"app-profile","version":"2.47.1","type":"extension","internalName":null,"updateURL":null,"updateKey":null,"optionsURL":null,"optionsType":null,"aboutURL":null,"iconURL":null,"icon64URL":null,"defaultLocale":{"name":"Firefox WebDriver","description":"WebDriver implementation for Firefox","creator":"Simon Stewart","homepageURL":null},"visible":true,"active":false,"userDisabled":false,"appDisabled":true,"descriptor":"/tmp/anonymous6912677011060705517webdriver-profile/extensions/fxdriver@googlecode.com","installDate":1479796128000,"updateDate":1479796128000,"applyBackgroundUpdates":1,"bootstrap":false,"size":8234871,"sourceURI":null,"releaseNotesURI":null,"softDisabled":false,"foreignInstall":true,"hasBinaryComponents":true,"strictCompatibility":false,"locales":[],"targetApplications":[{"id":"{ec8030f7-c20a-464f-9b0e-13a3a9e97384}","minVersion":"3.0","maxVersion":"66.*"}],"targetPlatforms":[{"os":"Darwin","abi":null},{"os":"SunOS","abi":null},{"os":"FreeBSD","abi":null},{"os":"OpenBSD","abi":null},{"os":"WINNT","abi":"x86-msvc"},{"os":"Linux","abi":null}],"multiprocessCompatible":false,"signedState":0}
1479796130466	DeferredSave.extensions.json	DEBUG	Save changes
1479796131096	addons.manager	DEBUG	Starting provider: <unnamed-provider>
1479796131096	addons.manager	DEBUG	Registering shutdown blocker for <unnamed-provider>
1479796131096	addons.manager	DEBUG	Provider finished startup: <unnamed-provider>
1479796131845	DeferredSave.extensions.json	DEBUG	Write succeeded
1479796131845	addons.xpi-utils	DEBUG	XPI Database saved, setting schema version preference to 17
1479796131845	DeferredSave.extensions.json	DEBUG	Starting timer
1479796131852	addons.repository	DEBUG	No addons.json found.
1479796131852	DeferredSave.addons.json	DEBUG	Save changes
1479796131854	DeferredSave.addons.json	DEBUG	Starting timer
1479796131865	addons.manager	DEBUG	Starting provider: PreviousExperimentProvider
1479796131865	addons.manager	DEBUG	Registering shutdown blocker for PreviousExperimentProvider
1479796131866	addons.manager	DEBUG	Provider finished startup: PreviousExperimentProvider
1479796131876	DeferredSave.extensions.json	DEBUG	Starting write
1479796131908	DeferredSave.addons.json	DEBUG	Starting write
1479796131909	DeferredSave.extensions.json	DEBUG	Write succeeded
1479796131917	DeferredSave.addons.json	DEBUG	Write succeeded
1479796140326	addons.manager	DEBUG	shutdown
1479796140326	addons.manager	DEBUG	Calling shutdown blocker for XPIProvider
1479796140327	addons.xpi	DEBUG	shutdown
1479796140327	addons.xpi-utils	DEBUG	Updating add-on states
1479796140327	addons.xpi-utils	DEBUG	Writing add-ons list
1479796140328	addons.xpi-utils	DEBUG	shutdown
1479796140328	addons.manager	DEBUG	Calling shutdown blocker for LightweightThemeManager
1479796140329	addons.manager	DEBUG	Calling shutdown blocker for GMPProvider
1479796140330	addons.manager	DEBUG	Calling shutdown blocker for PluginProvider
1479796140330	addons.manager	DEBUG	Calling shutdown blocker for <unnamed-provider>
1479796140331	addons.manager	DEBUG	Calling shutdown blocker for PreviousExperimentProvider
1479796140335	addons.xpi	DEBUG	Notifying XPI shutdown observers
1479796140339	addons.manager	DEBUG	Async provider shutdown done

	at org.openqa.selenium.firefox.internal.NewProfileExtensionConnection.start(NewProfileExtensionConnection.java:122)
	... 32 more
]]>
    </error>
  </testcase> <!-- VerifyLogin -->
</testsuite> <!-- com.testcases.VerifyLoginpage -->
